#-----------------------------------------------------------
# Vivado v2020.2 (64-bit)
# SW Build 3064766 on Wed Nov 18 09:12:45 MST 2020
# IP Build 3064653 on Wed Nov 18 14:17:31 MST 2020
# Start of session at: Mon Apr 19 18:28:27 2021
# Process ID: 5356
# Current directory: D:/Apps/1. ALL_Labs/ENEL489Labs/Project/Vivado/FinalProject_ENEL489
# Command line: vivado.exe -gui_launcher_event rodinguilauncherevent11392 D:\Apps\1. ALL_Labs\ENEL489Labs\Project\Vivado\FinalProject_ENEL489\FinalProject_ENEL489.xpr
# Log file: D:/Apps/1. ALL_Labs/ENEL489Labs/Project/Vivado/FinalProject_ENEL489/vivado.log
# Journal file: D:/Apps/1. ALL_Labs/ENEL489Labs/Project/Vivado/FinalProject_ENEL489\vivado.jou
#-----------------------------------------------------------
start_gui
open_project {D:/Apps/1. ALL_Labs/ENEL489Labs/Project/Vivado/FinalProject_ENEL489/FinalProject_ENEL489.xpr}
WARNING: [filemgmt 56-3] Default IP Output Path : Could not find the directory 'D:/Apps/1. ALL_Labs/ENEL489Labs/Project/Vivado/FinalProject_ENEL489/FinalProject_ENEL489.gen/sources_1'.
Scanning sources...
Finished scanning sources
WARNING: [Project 1-509] GeneratedRun file for 'synth_1' not found
WARNING: [Project 1-509] GeneratedRun file for 'impl_1' not found
INFO: [IP_Flow 19-234] Refreshing IP repositories
INFO: [IP_Flow 19-1704] No user IP repositories specified
INFO: [IP_Flow 19-2313] Loaded Vivado IP repository 'D:/Apps/Xilinx/Vivado/2020.2/data/ip'.
update_compile_order -fileset sources_1
launch_simulation
Command: launch_simulation 
INFO: [Vivado 12-5682] Launching behavioral simulation in 'D:/Apps/1. ALL_Labs/ENEL489Labs/Project/Vivado/FinalProject_ENEL489/FinalProject_ENEL489.sim/sim_1/behav/xsim'
INFO: [SIM-utils-51] Simulation object is 'sim_1'
INFO: [SIM-utils-54] Inspecting design source files for 'tb_NN' in fileset 'sim_1'...
INFO: [USF-XSim-97] Finding global include files...
INFO: [USF-XSim-98] Fetching design files from 'sim_1'...
INFO: [USF-XSim-2] XSim::Compile design
INFO: [USF-XSim-61] Executing 'COMPILE and ANALYZE' step in 'D:/Apps/1. ALL_Labs/ENEL489Labs/Project/Vivado/FinalProject_ENEL489/FinalProject_ENEL489.sim/sim_1/behav/xsim'
"xvhdl --incr --relax -prj tb_NN_vhdl.prj"
INFO: [USF-XSim-69] 'compile' step finished in '1' seconds
INFO: [USF-XSim-3] XSim::Elaborate design
INFO: [USF-XSim-61] Executing 'ELABORATE' step in 'D:/Apps/1. ALL_Labs/ENEL489Labs/Project/Vivado/FinalProject_ENEL489/FinalProject_ENEL489.sim/sim_1/behav/xsim'
"xelab -wto 06c26f8f34ad4afaa977db22728e29b9 --incr --debug typical --relax --mt 2 -L xil_defaultlib -L secureip --snapshot tb_NN_behav xil_defaultlib.tb_NN -log elaborate.log"
Vivado Simulator 2020.2
Copyright 1986-1999, 2001-2020 Xilinx, Inc. All Rights Reserved.
Running: D:/Apps/Xilinx/Vivado/2020.2/bin/unwrapped/win64.o/xelab.exe -wto 06c26f8f34ad4afaa977db22728e29b9 --incr --debug typical --relax --mt 2 -L xil_defaultlib -L secureip --snapshot tb_NN_behav xil_defaultlib.tb_NN -log elaborate.log 
Using 2 slave threads.
Starting static elaboration
Completed static elaboration
INFO: [XSIM 43-4323] No Change in HDL. Linking previously generated obj files to create kernel
INFO: [USF-XSim-69] 'elaborate' step finished in '1' seconds
INFO: [USF-XSim-4] XSim::Simulate design
INFO: [USF-XSim-61] Executing 'SIMULATE' step in 'D:/Apps/1. ALL_Labs/ENEL489Labs/Project/Vivado/FinalProject_ENEL489/FinalProject_ENEL489.sim/sim_1/behav/xsim'
INFO: [USF-XSim-98] *** Running xsim
   with args "tb_NN_behav -key {Behavioral:sim_1:Functional:tb_NN} -tclbatch {tb_NN.tcl} -log {simulate.log}"
INFO: [USF-XSim-8] Loading simulator feature
Vivado Simulator 2020.2
Time resolution is 1 ps
source tb_NN.tcl
# set curr_wave [current_wave_config]
# if { [string length $curr_wave] == 0 } {
#   if { [llength [get_objects]] > 0} {
#     add_wave /
#     set_property needs_save false [current_wave_config]
#   } else {
#      send_msg_id Add_Wave-1 WARNING "No top level signals found. Simulator will start without a wave window. If you want to open a wave window go to 'File->New Waveform Configuration' or type 'create_wave_config' in the TCL console."
#   }
# }
# run 1000ns
INFO: [USF-XSim-96] XSim completed. Design snapshot 'tb_NN_behav' loaded.
INFO: [USF-XSim-97] XSim simulation ran for 1000ns
launch_simulation: Time (s): cpu = 00:00:07 ; elapsed = 00:00:06 . Memory (MB): peak = 1217.336 ; gain = 0.000
close_sim
INFO: [Simtcl 6-16] Simulation closed
exit
INFO: [Common 17-206] Exiting Vivado at Mon Apr 19 18:28:52 2021...
