#-----------------------------------------------------------
# Vivado v2020.2 (64-bit)
# SW Build 3064766 on Wed Nov 18 09:12:45 MST 2020
# IP Build 3064653 on Wed Nov 18 14:17:31 MST 2020
# Start of session at: Mon Apr 19 18:28:54 2021
# Process ID: 20088
# Current directory: D:/Apps/1. ALL_Labs/ENEL489Labs/Project/Vivado/FinalProject_ENEL489
# Command line: vivado.exe -gui_launcher_event rodinguilauncherevent12476 D:\Apps\1. ALL_Labs\ENEL489Labs\Project\Vivado\FinalProject_ENEL489\FinalProject_ENEL489.xpr
# Log file: D:/Apps/1. ALL_Labs/ENEL489Labs/Project/Vivado/FinalProject_ENEL489/vivado.log
# Journal file: D:/Apps/1. ALL_Labs/ENEL489Labs/Project/Vivado/FinalProject_ENEL489\vivado.jou
#-----------------------------------------------------------
start_gui
open_project {D:/Apps/1. ALL_Labs/ENEL489Labs/Project/Vivado/FinalProject_ENEL489/FinalProject_ENEL489.xpr}
WARNING: [filemgmt 56-3] Default IP Output Path : Could not find the directory 'D:/Apps/1. ALL_Labs/ENEL489Labs/Project/Vivado/FinalProject_ENEL489/FinalProject_ENEL489.gen/sources_1'.
Scanning sources...
Finished scanning sources
INFO: [IP_Flow 19-234] Refreshing IP repositories
INFO: [IP_Flow 19-1704] No user IP repositories specified
INFO: [IP_Flow 19-2313] Loaded Vivado IP repository 'D:/Apps/Xilinx/Vivado/2020.2/data/ip'.
update_compile_order -fileset sources_1
exit
INFO: [Common 17-206] Exiting Vivado at Mon Apr 19 18:29:19 2021...
